<?xml version="1.0" encoding="UTF-8"?>
<robot generator="Robot 5.0.1 (Python 3.10.7 on win32)" generated="20221028 11:15:19.091" rpa="false" schemaversion="3">
<suite id="s1" name="Code" source="D:\salim-habib-university\software-quality-assurance\robot-framework\code">
<suite id="s1-s1" name="TestCases" source="D:\salim-habib-university\software-quality-assurance\robot-framework\code\TestCases">
<suite id="s1-s1-s1" name="Mid" source="D:\salim-habib-university\software-quality-assurance\robot-framework\code\TestCases\mid.robot">
<test id="s1-s1-s1-t1" name="TC006 Check the Employment Status Field" line="69">
<kw name="Open UiBank Browser" type="SETUP">
<kw name="Open Browser" library="SeleniumLibrary">
<arg>https://uibank.uipath.com/register-account</arg>
<arg>chrome</arg>
<doc>Opens a new browser instance to the optional ``url``.</doc>
<msg timestamp="20221028 11:15:19.528" level="INFO">Opening browser 'chrome' to base url 'https://uibank.uipath.com/register-account'.</msg>
<status status="PASS" starttime="20221028 11:15:19.527" endtime="20221028 11:15:25.165"/>
</kw>
<status status="PASS" starttime="20221028 11:15:19.525" endtime="20221028 11:15:25.165"/>
</kw>
<kw name="Get WebElement" library="SeleniumLibrary">
<var>${EmploymentStatusElement}</var>
<arg>${EmploymentStatus}</arg>
<doc>Returns the first WebElement matching the given ``locator``.</doc>
<msg timestamp="20221028 11:15:25.186" level="INFO">${EmploymentStatusElement} = &lt;selenium.webdriver.remote.webelement.WebElement (session="a0e1cd80b739e3c2b0f56174e7a8c7e1", element="a9424554-2faf-4063-8684-df89a945551e")&gt;</msg>
<status status="PASS" starttime="20221028 11:15:25.166" endtime="20221028 11:15:25.188"/>
</kw>
<kw name="Log To Console" library="BuiltIn">
<arg>${EmploymentStatusElement.tag_name}</arg>
<doc>Logs the given message to the console.</doc>
<status status="PASS" starttime="20221028 11:15:25.190" endtime="20221028 11:15:25.198"/>
</kw>
<kw name="Close UiBank Bank Browser" type="TEARDOWN">
<kw name="Close Browser" library="SeleniumLibrary">
<doc>Closes the current browser.</doc>
<status status="PASS" starttime="20221028 11:15:25.200" endtime="20221028 11:15:27.458"/>
</kw>
<status status="PASS" starttime="20221028 11:15:25.200" endtime="20221028 11:15:27.459"/>
</kw>
<status status="PASS" starttime="20221028 11:15:19.523" endtime="20221028 11:15:27.459"/>
</test>
<status status="PASS" starttime="20221028 11:15:19.146" endtime="20221028 11:15:27.462"/>
</suite>
<status status="PASS" starttime="20221028 11:15:19.140" endtime="20221028 11:15:27.464"/>
</suite>
<status status="PASS" starttime="20221028 11:15:19.097" endtime="20221028 11:15:27.468"/>
</suite>
<statistics>
<total>
<stat pass="1" fail="0" skip="0">All Tests</stat>
</total>
<tag>
</tag>
<suite>
<stat pass="1" fail="0" skip="0" id="s1" name="Code">Code</stat>
<stat pass="1" fail="0" skip="0" id="s1-s1" name="TestCases">Code.TestCases</stat>
<stat pass="1" fail="0" skip="0" id="s1-s1-s1" name="Mid">Code.TestCases.Mid</stat>
</suite>
</statistics>
<errors>
</errors>
</robot>
