<?xml version="1.0" encoding="UTF-8"?>
<robot generator="Robot 5.0.1 (Python 3.10.7 on win32)" generated="20221007 11:15:59.113" rpa="false" schemaversion="3">
<suite id="s1" name="TC25 Fetch Data" source="d:\salim-habib-university\software-quality-assurance\robot-framework\code\TestCases\TC25_Fetch_Data.robot">
<test id="s1-t1" name="TC_25 Fetch Data" line="8">
<kw name="Start Broswer And Maximize" library="Resource4" type="SETUP">
<kw name="Open Browser" library="SeleniumLibrary">
<arg>${url}</arg>
<arg>${Broswer}</arg>
<arg>uibank_browser</arg>
<doc>Opens a new browser instance to the optional ``url``.</doc>
<msg timestamp="20221007 11:15:59.383" level="INFO">Opening browser 'Chrome' to base url 'https://uibank.uipath.com/loans/apply'.</msg>
<status status="PASS" starttime="20221007 11:15:59.383" endtime="20221007 11:16:04.581"/>
</kw>
<kw name="Maximize Browser Window" library="SeleniumLibrary">
<doc>Maximizes current browser window.</doc>
<status status="PASS" starttime="20221007 11:16:04.581" endtime="20221007 11:16:04.706"/>
</kw>
<status status="PASS" starttime="20221007 11:15:59.383" endtime="20221007 11:16:04.706"/>
</kw>
<kw name="Set Selenium Speed" library="SeleniumLibrary">
<arg>0.5 seconds</arg>
<doc>Sets the delay that is waited after each Selenium command.</doc>
<status status="PASS" starttime="20221007 11:16:04.707" endtime="20221007 11:16:04.707"/>
</kw>
<kw name="Input Text" library="SeleniumLibrary">
<arg>xpath://*[@id="email"]</arg>
<arg>gulraizgulshan@gmail.com</arg>
<doc>Types the given ``text`` into the text field identified by ``locator``.</doc>
<msg timestamp="20221007 11:16:04.708" level="INFO">Typing text 'gulraizgulshan@gmail.com' into text field 'xpath://*[@id="email"]'.</msg>
<status status="PASS" starttime="20221007 11:16:04.707" endtime="20221007 11:16:06.351"/>
</kw>
<kw name="Input Text" library="SeleniumLibrary">
<arg>xpath://*[@id="amount"]</arg>
<arg>25000</arg>
<doc>Types the given ``text`` into the text field identified by ``locator``.</doc>
<msg timestamp="20221007 11:16:06.352" level="INFO">Typing text '25000' into text field 'xpath://*[@id="amount"]'.</msg>
<status status="PASS" starttime="20221007 11:16:06.351" endtime="20221007 11:16:07.978"/>
</kw>
<kw name="Select From List By Value" library="SeleniumLibrary">
<arg>xpath://*[@id="term"]</arg>
<arg>3</arg>
<doc>Selects options from selection list ``locator`` by ``values``.</doc>
<msg timestamp="20221007 11:16:07.979" level="INFO">Selecting options from selection list 'xpath://*[@id="term"]' by value 3.</msg>
<status status="PASS" starttime="20221007 11:16:07.979" endtime="20221007 11:16:11.664"/>
</kw>
<kw name="Get Value" library="SeleniumLibrary">
<var>${Email}</var>
<arg>xpath://*[@id="email"]</arg>
<doc>Returns the value attribute of the element identified by ``locator``.</doc>
<msg timestamp="20221007 11:16:12.777" level="INFO">${Email} = gulraizgulshan@gmail.com</msg>
<status status="PASS" starttime="20221007 11:16:11.665" endtime="20221007 11:16:12.777"/>
</kw>
<kw name="Get Value" library="SeleniumLibrary">
<var>${Amount}</var>
<arg>xpath://*[@id="amount"]</arg>
<doc>Returns the value attribute of the element identified by ``locator``.</doc>
<msg timestamp="20221007 11:16:13.813" level="INFO">${Amount} = 25000</msg>
<status status="PASS" starttime="20221007 11:16:12.778" endtime="20221007 11:16:13.813"/>
</kw>
<kw name="Get Selected List Label" library="SeleniumLibrary">
<var>${LoanTerm}</var>
<arg>xpath://*[@id="term"]</arg>
<doc>Returns the label of selected option from selection list ``locator``.</doc>
<msg timestamp="20221007 11:16:17.979" level="INFO">${LoanTerm} = 3</msg>
<status status="PASS" starttime="20221007 11:16:13.814" endtime="20221007 11:16:17.980"/>
</kw>
<kw name="Get Text" library="SeleniumLibrary">
<var>${ButtonText}</var>
<arg>xpath://*[@id="submitButton"]</arg>
<doc>Returns the text value of the element identified by ``locator``.</doc>
<msg timestamp="20221007 11:16:19.035" level="INFO">${ButtonText} = Submit Loan Application</msg>
<status status="PASS" starttime="20221007 11:16:17.981" endtime="20221007 11:16:19.035"/>
</kw>
<kw name="Get Selenium Speed" library="SeleniumLibrary">
<var>${SeleniumSpeed}</var>
<doc>Gets the delay that is waited after each Selenium command.</doc>
<msg timestamp="20221007 11:16:19.037" level="INFO">${SeleniumSpeed} = 500 milliseconds</msg>
<status status="PASS" starttime="20221007 11:16:19.036" endtime="20221007 11:16:19.037"/>
</kw>
<kw name="Get Location" library="SeleniumLibrary">
<var>${URL}</var>
<doc>Returns the current browser window URL.</doc>
<msg timestamp="20221007 11:16:19.551" level="INFO">${URL} = https://uibank.uipath.com/loans/apply</msg>
<status status="PASS" starttime="20221007 11:16:19.038" endtime="20221007 11:16:19.551"/>
</kw>
<kw name="Log To Console" library="BuiltIn">
<arg>${Email} ${Amount} ${LoanTerm} ${ButtonText} ${SeleniumSpeed}</arg>
<doc>Logs the given message to the console.</doc>
<status status="PASS" starttime="20221007 11:16:19.553" endtime="20221007 11:16:19.555"/>
</kw>
<kw name="Close Broswer Windows" library="Resource4" type="TEARDOWN">
<kw name="Log To Console" library="BuiltIn">
<arg>"Closing Broswer"</arg>
<doc>Logs the given message to the console.</doc>
<status status="PASS" starttime="20221007 11:16:19.556" endtime="20221007 11:16:19.556"/>
</kw>
<kw name="Close Browser" library="SeleniumLibrary">
<doc>Closes the current browser.</doc>
<status status="PASS" starttime="20221007 11:16:19.557" endtime="20221007 11:16:22.168"/>
</kw>
<status status="PASS" starttime="20221007 11:16:19.555" endtime="20221007 11:16:22.169"/>
</kw>
<status status="PASS" starttime="20221007 11:15:59.382" endtime="20221007 11:16:22.169"/>
</test>
<status status="PASS" starttime="20221007 11:15:59.118" endtime="20221007 11:16:22.171"/>
</suite>
<statistics>
<total>
<stat pass="1" fail="0" skip="0">All Tests</stat>
</total>
<tag>
</tag>
<suite>
<stat pass="1" fail="0" skip="0" id="s1" name="TC25 Fetch Data">TC25 Fetch Data</stat>
</suite>
</statistics>
<errors>
</errors>
</robot>
