<?xml version="1.0" encoding="UTF-8"?>
<robot generator="Robot 5.0.1 (Python 3.10.7 on win32)" generated="20221028 11:15:18.542" rpa="false" schemaversion="3">
<suite id="s1" name="Mid" source="d:\salim-habib-university\software-quality-assurance\robot-framework\code\TestCases\mid.robot">
<test id="s1-t1" name="TC006 Check the Employment Status Field" line="69">
<kw name="Open UiBank Browser" type="SETUP">
<kw name="Open Browser" library="SeleniumLibrary">
<arg>https://uibank.uipath.com/register-account</arg>
<arg>chrome</arg>
<doc>Opens a new browser instance to the optional ``url``.</doc>
<msg timestamp="20221028 11:15:18.918" level="INFO">Opening browser 'chrome' to base url 'https://uibank.uipath.com/register-account'.</msg>
<status status="PASS" starttime="20221028 11:15:18.917" endtime="20221028 11:15:24.877"/>
</kw>
<status status="PASS" starttime="20221028 11:15:18.917" endtime="20221028 11:15:24.878"/>
</kw>
<kw name="Get WebElement" library="SeleniumLibrary">
<var>${EmploymentStatusElement}</var>
<arg>${EmploymentStatus}</arg>
<doc>Returns the first WebElement matching the given ``locator``.</doc>
<msg timestamp="20221028 11:15:24.897" level="INFO">${EmploymentStatusElement} = &lt;selenium.webdriver.remote.webelement.WebElement (session="17701ad9f5e6f1a0e5db0e387676e50b", element="92eb61d9-39d4-4b63-b006-c26ab7324a8e")&gt;</msg>
<status status="PASS" starttime="20221028 11:15:24.879" endtime="20221028 11:15:24.898"/>
</kw>
<kw name="Log To Console" library="BuiltIn">
<arg>${EmploymentStatusElement.tag_name}</arg>
<doc>Logs the given message to the console.</doc>
<status status="PASS" starttime="20221028 11:15:24.899" endtime="20221028 11:15:24.904"/>
</kw>
<kw name="Close UiBank Bank Browser" type="TEARDOWN">
<kw name="Close Browser" library="SeleniumLibrary">
<doc>Closes the current browser.</doc>
<status status="PASS" starttime="20221028 11:15:24.905" endtime="20221028 11:15:27.035"/>
</kw>
<status status="PASS" starttime="20221028 11:15:24.905" endtime="20221028 11:15:27.036"/>
</kw>
<status status="PASS" starttime="20221028 11:15:18.916" endtime="20221028 11:15:27.036"/>
</test>
<status status="PASS" starttime="20221028 11:15:18.550" endtime="20221028 11:15:27.039"/>
</suite>
<statistics>
<total>
<stat pass="1" fail="0" skip="0">All Tests</stat>
</total>
<tag>
</tag>
<suite>
<stat pass="1" fail="0" skip="0" id="s1" name="Mid">Mid</stat>
</suite>
</statistics>
<errors>
</errors>
</robot>
